{"/Users/rodrigogramitto/Desktop/HR/projects/FEC/atelier/product-detail-page/client/src/components/ratingsAndReviews/StarBar.jsx": {"path":"/Users/rodrigogramitto/Desktop/HR/projects/FEC/atelier/product-detail-page/client/src/components/ratingsAndReviews/StarBar.jsx","statementMap":{"0":{"start":{"line":5,"column":16},"end":{"line":31,"column":1}},"1":{"start":{"line":6,"column":18},"end":{"line":6,"column":36}},"2":{"start":{"line":7,"column":21},"end":{"line":7,"column":59}},"3":{"start":{"line":8,"column":2},"end":{"line":11,"column":3}},"4":{"start":{"line":9,"column":4},"end":{"line":9,"column":19}},"5":{"start":{"line":10,"column":4},"end":{"line":10,"column":21}},"6":{"start":{"line":13,"column":16},"end":{"line":13,"column":24}},"7":{"start":{"line":14,"column":2},"end":{"line":14,"column":94}},"8":{"start":{"line":16,"column":2},"end":{"line":23,"column":3}},"9":{"start":{"line":24,"column":2},"end":{"line":24,"column":97}},"10":{"start":{"line":26,"column":2},"end":{"line":30,"column":3}}},"fnMap":{"0":{"name":"(anonymous_0)","decl":{"start":{"line":5,"column":16},"end":{"line":5,"column":17}},"loc":{"start":{"line":5,"column":32},"end":{"line":31,"column":1}},"line":5}},"branchMap":{"0":{"loc":{"start":{"line":8,"column":2},"end":{"line":11,"column":3}},"type":"if","locations":[{"start":{"line":8,"column":2},"end":{"line":11,"column":3}},{"start":{},"end":{}}],"line":8},"1":{"loc":{"start":{"line":16,"column":21},"end":{"line":23,"column":3}},"type":"cond-expr","locations":[{"start":{"line":17,"column":4},"end":{"line":20,"column":11}},{"start":{"line":22,"column":4},"end":{"line":22,"column":71}}],"line":16}},"s":{"0":1,"1":16,"2":16,"3":16,"4":0,"5":0,"6":16,"7":16,"8":16,"9":16,"10":16},"f":{"0":16},"b":{"0":[0,16],"1":[0,16]},"_coverageSchema":"1a1c01bbd47fc00a2c39e90264f33305004495a9","hash":"c4f17636e0d64435179960d92043929bfa236914"}
,"/Users/rodrigogramitto/Desktop/HR/projects/FEC/atelier/product-detail-page/client/src/components/relatedItems/comparison.jsx": {"path":"/Users/rodrigogramitto/Desktop/HR/projects/FEC/atelier/product-detail-page/client/src/components/relatedItems/comparison.jsx","statementMap":{"0":{"start":{"line":6,"column":19},"end":{"line":65,"column":1}},"1":{"start":{"line":9,"column":20},"end":{"line":11,"column":1}},"2":{"start":{"line":10,"column":2},"end":{"line":10,"column":17}},"3":{"start":{"line":13,"column":20},"end":{"line":40,"column":1}},"4":{"start":{"line":14,"column":24},"end":{"line":14,"column":26}},"5":{"start":{"line":16,"column":15},"end":{"line":16,"column":77}},"6":{"start":{"line":18,"column":2},"end":{"line":35,"column":3}},"7":{"start":{"line":18,"column":15},"end":{"line":18,"column":16}},"8":{"start":{"line":19,"column":22},"end":{"line":19,"column":45}},"9":{"start":{"line":20,"column":23},"end":{"line":20,"column":42}},"10":{"start":{"line":22,"column":4},"end":{"line":27,"column":5}},"11":{"start":{"line":23,"column":6},"end":{"line":25,"column":7}},"12":{"start":{"line":24,"column":8},"end":{"line":24,"column":50}},"13":{"start":{"line":26,"column":6},"end":{"line":26,"column":66}},"14":{"start":{"line":29,"column":4},"end":{"line":34,"column":5}},"15":{"start":{"line":30,"column":6},"end":{"line":32,"column":7}},"16":{"start":{"line":31,"column":8},"end":{"line":31,"column":51}},"17":{"start":{"line":33,"column":6},"end":{"line":33,"column":68}},"18":{"start":{"line":37,"column":1},"end":{"line":39,"column":3}},"19":{"start":{"line":38,"column":2},"end":{"line":38,"column":76}},"20":{"start":{"line":43,"column":2},"end":{"line":64,"column":3}}},"fnMap":{"0":{"name":"(anonymous_0)","decl":{"start":{"line":6,"column":19},"end":{"line":6,"column":20}},"loc":{"start":{"line":6,"column":72},"end":{"line":65,"column":1}},"line":6},"1":{"name":"(anonymous_1)","decl":{"start":{"line":9,"column":20},"end":{"line":9,"column":21}},"loc":{"start":{"line":9,"column":27},"end":{"line":11,"column":1}},"line":9},"2":{"name":"(anonymous_2)","decl":{"start":{"line":13,"column":20},"end":{"line":13,"column":21}},"loc":{"start":{"line":13,"column":26},"end":{"line":40,"column":1}},"line":13},"3":{"name":"(anonymous_3)","decl":{"start":{"line":37,"column":31},"end":{"line":37,"column":32}},"loc":{"start":{"line":37,"column":52},"end":{"line":39,"column":2}},"line":37}},"branchMap":{"0":{"loc":{"start":{"line":22,"column":4},"end":{"line":27,"column":5}},"type":"if","locations":[{"start":{"line":22,"column":4},"end":{"line":27,"column":5}},{"start":{},"end":{}}],"line":22},"1":{"loc":{"start":{"line":22,"column":8},"end":{"line":22,"column":42}},"type":"binary-expr","locations":[{"start":{"line":22,"column":8},"end":{"line":22,"column":19}},{"start":{"line":22,"column":23},"end":{"line":22,"column":42}}],"line":22},"2":{"loc":{"start":{"line":23,"column":6},"end":{"line":25,"column":7}},"type":"if","locations":[{"start":{"line":23,"column":6},"end":{"line":25,"column":7}},{"start":{},"end":{}}],"line":23},"3":{"loc":{"start":{"line":29,"column":4},"end":{"line":34,"column":5}},"type":"if","locations":[{"start":{"line":29,"column":4},"end":{"line":34,"column":5}},{"start":{},"end":{}}],"line":29},"4":{"loc":{"start":{"line":29,"column":8},"end":{"line":29,"column":44}},"type":"binary-expr","locations":[{"start":{"line":29,"column":8},"end":{"line":29,"column":20}},{"start":{"line":29,"column":24},"end":{"line":29,"column":44}}],"line":29},"5":{"loc":{"start":{"line":30,"column":6},"end":{"line":32,"column":7}},"type":"if","locations":[{"start":{"line":30,"column":6},"end":{"line":32,"column":7}},{"start":{},"end":{}}],"line":30}},"s":{"0":2,"1":0,"2":0,"3":0,"4":0,"5":0,"6":0,"7":0,"8":0,"9":0,"10":0,"11":0,"12":0,"13":0,"14":0,"15":0,"16":0,"17":0,"18":0,"19":0,"20":0},"f":{"0":0,"1":0,"2":0,"3":0},"b":{"0":[0,0],"1":[0,0],"2":[0,0],"3":[0,0],"4":[0,0],"5":[0,0]},"_coverageSchema":"1a1c01bbd47fc00a2c39e90264f33305004495a9","hash":"230b80bc322163b7a2ee0ba1d16e760116f64621"}
,"/Users/rodrigogramitto/Desktop/HR/projects/FEC/atelier/product-detail-page/client/src/components/relatedItems/controller.js": {"path":"/Users/rodrigogramitto/Desktop/HR/projects/FEC/atelier/product-detail-page/client/src/components/relatedItems/controller.js","statementMap":{"0":{"start":{"line":1,"column":14},"end":{"line":1,"column":30}},"1":{"start":{"line":5,"column":2},"end":{"line":35,"column":1}},"2":{"start":{"line":7,"column":6},"end":{"line":13,"column":8}},"3":{"start":{"line":9,"column":8},"end":{"line":9,"column":29}},"4":{"start":{"line":12,"column":8},"end":{"line":12,"column":54}},"5":{"start":{"line":17,"column":4},"end":{"line":23,"column":6}},"6":{"start":{"line":19,"column":6},"end":{"line":19,"column":26}},"7":{"start":{"line":22,"column":6},"end":{"line":22,"column":23}},"8":{"start":{"line":27,"column":4},"end":{"line":33,"column":6}},"9":{"start":{"line":29,"column":6},"end":{"line":29,"column":26}},"10":{"start":{"line":32,"column":6},"end":{"line":32,"column":23}}},"fnMap":{"0":{"name":"(anonymous_0)","decl":{"start":{"line":6,"column":24},"end":{"line":6,"column":25}},"loc":{"start":{"line":6,"column":49},"end":{"line":14,"column":3}},"line":6},"1":{"name":"(anonymous_1)","decl":{"start":{"line":8,"column":12},"end":{"line":8,"column":13}},"loc":{"start":{"line":8,"column":26},"end":{"line":10,"column":7}},"line":8},"2":{"name":"(anonymous_2)","decl":{"start":{"line":11,"column":13},"end":{"line":11,"column":14}},"loc":{"start":{"line":11,"column":22},"end":{"line":13,"column":7}},"line":11},"3":{"name":"(anonymous_3)","decl":{"start":{"line":16,"column":20},"end":{"line":16,"column":21}},"loc":{"start":{"line":16,"column":35},"end":{"line":24,"column":3}},"line":16},"4":{"name":"(anonymous_4)","decl":{"start":{"line":18,"column":10},"end":{"line":18,"column":11}},"loc":{"start":{"line":18,"column":23},"end":{"line":20,"column":5}},"line":18},"5":{"name":"(anonymous_5)","decl":{"start":{"line":21,"column":11},"end":{"line":21,"column":12}},"loc":{"start":{"line":21,"column":20},"end":{"line":23,"column":5}},"line":21},"6":{"name":"(anonymous_6)","decl":{"start":{"line":26,"column":21},"end":{"line":26,"column":22}},"loc":{"start":{"line":26,"column":36},"end":{"line":34,"column":3}},"line":26},"7":{"name":"(anonymous_7)","decl":{"start":{"line":28,"column":10},"end":{"line":28,"column":11}},"loc":{"start":{"line":28,"column":23},"end":{"line":30,"column":5}},"line":28},"8":{"name":"(anonymous_8)","decl":{"start":{"line":31,"column":11},"end":{"line":31,"column":12}},"loc":{"start":{"line":31,"column":20},"end":{"line":33,"column":5}},"line":31}},"branchMap":{"0":{"loc":{"start":{"line":6,"column":25},"end":{"line":6,"column":44}},"type":"default-arg","locations":[{"start":{"line":6,"column":37},"end":{"line":6,"column":44}}],"line":6}},"s":{"0":2,"1":2,"2":3,"3":2,"4":0,"5":2,"6":2,"7":0,"8":2,"9":1,"10":0},"f":{"0":3,"1":2,"2":0,"3":2,"4":2,"5":0,"6":2,"7":1,"8":0},"b":{"0":[2]},"_coverageSchema":"1a1c01bbd47fc00a2c39e90264f33305004495a9","hash":"f0ad35debe6be33e75081d1a2d57cbcdd451e871"}
,"/Users/rodrigogramitto/Desktop/HR/projects/FEC/atelier/product-detail-page/client/src/components/relatedItems/deleteButton.jsx": {"path":"/Users/rodrigogramitto/Desktop/HR/projects/FEC/atelier/product-detail-page/client/src/components/relatedItems/deleteButton.jsx","statementMap":{"0":{"start":{"line":3,"column":21},"end":{"line":17,"column":1}},"1":{"start":{"line":5,"column":20},"end":{"line":7,"column":1}},"2":{"start":{"line":6,"column":2},"end":{"line":6,"column":31}},"3":{"start":{"line":11,"column":2},"end":{"line":15,"column":3}}},"fnMap":{"0":{"name":"(anonymous_0)","decl":{"start":{"line":3,"column":21},"end":{"line":3,"column":22}},"loc":{"start":{"line":3,"column":72},"end":{"line":17,"column":1}},"line":3},"1":{"name":"(anonymous_1)","decl":{"start":{"line":5,"column":20},"end":{"line":5,"column":21}},"loc":{"start":{"line":5,"column":27},"end":{"line":7,"column":1}},"line":5}},"branchMap":{},"s":{"0":2,"1":9,"2":1,"3":9},"f":{"0":9,"1":1},"b":{},"_coverageSchema":"1a1c01bbd47fc00a2c39e90264f33305004495a9","hash":"a3fa8228aa48c564d78714697a0017a0738ed778"}
,"/Users/rodrigogramitto/Desktop/HR/projects/FEC/atelier/product-detail-page/client/src/components/relatedItems/dummyData.js": {"path":"/Users/rodrigogramitto/Desktop/HR/projects/FEC/atelier/product-detail-page/client/src/components/relatedItems/dummyData.js","statementMap":{"0":{"start":{"line":1,"column":16},"end":{"line":76,"column":1}}},"fnMap":{},"branchMap":{},"s":{"0":2},"f":{},"b":{},"_coverageSchema":"1a1c01bbd47fc00a2c39e90264f33305004495a9","hash":"cea052e76063e535628fe0c66f9a0d6b2ba62b0f"}
,"/Users/rodrigogramitto/Desktop/HR/projects/FEC/atelier/product-detail-page/client/src/components/relatedItems/outfitList.jsx": {"path":"/Users/rodrigogramitto/Desktop/HR/projects/FEC/atelier/product-detail-page/client/src/components/relatedItems/outfitList.jsx","statementMap":{"0":{"start":{"line":7,"column":15},"end":{"line":105,"column":1}},"1":{"start":{"line":9,"column":44},"end":{"line":9,"column":56}},"2":{"start":{"line":10,"column":38},"end":{"line":10,"column":50}},"3":{"start":{"line":11,"column":40},"end":{"line":11,"column":51}},"4":{"start":{"line":13,"column":23},"end":{"line":13,"column":35}},"5":{"start":{"line":15,"column":23},"end":{"line":18,"column":3}},"6":{"start":{"line":16,"column":4},"end":{"line":16,"column":36}},"7":{"start":{"line":17,"column":4},"end":{"line":17,"column":43}},"8":{"start":{"line":20,"column":23},"end":{"line":23,"column":3}},"9":{"start":{"line":21,"column":4},"end":{"line":21,"column":36}},"10":{"start":{"line":22,"column":4},"end":{"line":22,"column":43}},"11":{"start":{"line":25,"column":2},"end":{"line":64,"column":22}},"12":{"start":{"line":26,"column":20},"end":{"line":26,"column":24}},"13":{"start":{"line":27,"column":17},"end":{"line":27,"column":19}},"14":{"start":{"line":28,"column":16},"end":{"line":28,"column":18}},"15":{"start":{"line":30,"column":4},"end":{"line":57,"column":5}},"16":{"start":{"line":31,"column":5},"end":{"line":56,"column":7}},"17":{"start":{"line":33,"column":24},"end":{"line":33,"column":29}},"18":{"start":{"line":34,"column":20},"end":{"line":34,"column":25}},"19":{"start":{"line":36,"column":7},"end":{"line":50,"column":8}},"20":{"start":{"line":36,"column":20},"end":{"line":36,"column":21}},"21":{"start":{"line":37,"column":30},"end":{"line":37,"column":48}},"22":{"start":{"line":40,"column":9},"end":{"line":44,"column":10}},"23":{"start":{"line":41,"column":11},"end":{"line":43,"column":12}},"24":{"start":{"line":42,"column":13},"end":{"line":42,"column":67}},"25":{"start":{"line":46,"column":9},"end":{"line":49,"column":10}},"26":{"start":{"line":47,"column":11},"end":{"line":47,"column":29}},"27":{"start":{"line":48,"column":11},"end":{"line":48,"column":62}},"28":{"start":{"line":52,"column":7},"end":{"line":55,"column":8}},"29":{"start":{"line":53,"column":9},"end":{"line":53,"column":64}},"30":{"start":{"line":58,"column":4},"end":{"line":58,"column":29}},"31":{"start":{"line":59,"column":4},"end":{"line":59,"column":25}},"32":{"start":{"line":61,"column":4},"end":{"line":63,"column":6}},"33":{"start":{"line":62,"column":5},"end":{"line":62,"column":23}},"34":{"start":{"line":66,"column":19},"end":{"line":66,"column":24}},"35":{"start":{"line":68,"column":2},"end":{"line":104,"column":4}},"36":{"start":{"line":77,"column":10},"end":{"line":90,"column":11}},"37":{"start":{"line":78,"column":25},"end":{"line":78,"column":50}},"38":{"start":{"line":79,"column":28},"end":{"line":79,"column":50}},"39":{"start":{"line":80,"column":12},"end":{"line":89,"column":13}}},"fnMap":{"0":{"name":"(anonymous_0)","decl":{"start":{"line":7,"column":15},"end":{"line":7,"column":16}},"loc":{"start":{"line":7,"column":72},"end":{"line":105,"column":1}},"line":7},"1":{"name":"(anonymous_1)","decl":{"start":{"line":15,"column":23},"end":{"line":15,"column":24}},"loc":{"start":{"line":15,"column":29},"end":{"line":18,"column":3}},"line":15},"2":{"name":"(anonymous_2)","decl":{"start":{"line":20,"column":23},"end":{"line":20,"column":24}},"loc":{"start":{"line":20,"column":29},"end":{"line":23,"column":3}},"line":20},"3":{"name":"(anonymous_3)","decl":{"start":{"line":25,"column":12},"end":{"line":25,"column":13}},"loc":{"start":{"line":25,"column":18},"end":{"line":64,"column":4}},"line":25},"4":{"name":"(anonymous_4)","decl":{"start":{"line":31,"column":23},"end":{"line":31,"column":24}},"loc":{"start":{"line":31,"column":36},"end":{"line":56,"column":6}},"line":31},"5":{"name":"(anonymous_5)","decl":{"start":{"line":61,"column":11},"end":{"line":61,"column":12}},"loc":{"start":{"line":61,"column":17},"end":{"line":63,"column":5}},"line":61},"6":{"name":"(anonymous_6)","decl":{"start":{"line":76,"column":53},"end":{"line":76,"column":54}},"loc":{"start":{"line":76,"column":66},"end":{"line":91,"column":9}},"line":76}},"branchMap":{"0":{"loc":{"start":{"line":30,"column":4},"end":{"line":57,"column":5}},"type":"if","locations":[{"start":{"line":30,"column":4},"end":{"line":57,"column":5}},{"start":{},"end":{}}],"line":30},"1":{"loc":{"start":{"line":40,"column":9},"end":{"line":44,"column":10}},"type":"if","locations":[{"start":{"line":40,"column":9},"end":{"line":44,"column":10}},{"start":{},"end":{}}],"line":40},"2":{"loc":{"start":{"line":41,"column":11},"end":{"line":43,"column":12}},"type":"if","locations":[{"start":{"line":41,"column":11},"end":{"line":43,"column":12}},{"start":{},"end":{}}],"line":41},"3":{"loc":{"start":{"line":41,"column":15},"end":{"line":41,"column":98}},"type":"binary-expr","locations":[{"start":{"line":41,"column":15},"end":{"line":41,"column":68}},{"start":{"line":41,"column":72},"end":{"line":41,"column":98}}],"line":41},"4":{"loc":{"start":{"line":46,"column":9},"end":{"line":49,"column":10}},"type":"if","locations":[{"start":{"line":46,"column":9},"end":{"line":49,"column":10}},{"start":{},"end":{}}],"line":46},"5":{"loc":{"start":{"line":52,"column":7},"end":{"line":55,"column":8}},"type":"if","locations":[{"start":{"line":52,"column":7},"end":{"line":55,"column":8}},{"start":{},"end":{}}],"line":52},"6":{"loc":{"start":{"line":76,"column":10},"end":{"line":91,"column":38}},"type":"cond-expr","locations":[{"start":{"line":76,"column":36},"end":{"line":91,"column":10}},{"start":{"line":91,"column":13},"end":{"line":91,"column":38}}],"line":76},"7":{"loc":{"start":{"line":77,"column":10},"end":{"line":90,"column":11}},"type":"if","locations":[{"start":{"line":77,"column":10},"end":{"line":90,"column":11}},{"start":{},"end":{}}],"line":77},"8":{"loc":{"start":{"line":93,"column":7},"end":{"line":97,"column":14}},"type":"cond-expr","locations":[{"start":{"line":94,"column":8},"end":{"line":96,"column":17}},{"start":{"line":97,"column":10},"end":{"line":97,"column":14}}],"line":93},"9":{"loc":{"start":{"line":98,"column":7},"end":{"line":102,"column":14}},"type":"cond-expr","locations":[{"start":{"line":99,"column":8},"end":{"line":101,"column":17}},{"start":{"line":102,"column":10},"end":{"line":102,"column":14}}],"line":98}},"s":{"0":1,"1":2,"2":2,"3":2,"4":2,"5":2,"6":0,"7":0,"8":2,"9":0,"10":0,"11":2,"12":1,"13":1,"14":1,"15":1,"16":1,"17":0,"18":0,"19":0,"20":0,"21":0,"22":0,"23":0,"24":0,"25":0,"26":0,"27":0,"28":0,"29":0,"30":1,"31":1,"32":1,"33":1,"34":2,"35":2,"36":8,"37":8,"38":8,"39":8},"f":{"0":2,"1":0,"2":0,"3":1,"4":0,"5":1,"6":8},"b":{"0":[1,0],"1":[0,0],"2":[0,0],"3":[0,0],"4":[0,0],"5":[0,0],"6":[2,0],"7":[8,0],"8":[0,2],"9":[2,0]},"_coverageSchema":"1a1c01bbd47fc00a2c39e90264f33305004495a9","hash":"a65ee2863a62ef0846b73e141e826c6187a00a9a"}
,"/Users/rodrigogramitto/Desktop/HR/projects/FEC/atelier/product-detail-page/client/src/components/relatedItems/productCard.jsx": {"path":"/Users/rodrigogramitto/Desktop/HR/projects/FEC/atelier/product-detail-page/client/src/components/relatedItems/productCard.jsx","statementMap":{"0":{"start":{"line":8,"column":13},"end":{"line":42,"column":1}},"1":{"start":{"line":10,"column":50},"end":{"line":10,"column":65}},"2":{"start":{"line":12,"column":18},"end":{"line":14,"column":3}},"3":{"start":{"line":13,"column":4},"end":{"line":13,"column":43}},"4":{"start":{"line":16,"column":23},"end":{"line":18,"column":3}},"5":{"start":{"line":17,"column":4},"end":{"line":17,"column":31}},"6":{"start":{"line":20,"column":20},"end":{"line":20,"column":30}},"7":{"start":{"line":22,"column":2},"end":{"line":40,"column":3}}},"fnMap":{"0":{"name":"(anonymous_0)","decl":{"start":{"line":8,"column":13},"end":{"line":8,"column":14}},"loc":{"start":{"line":8,"column":90},"end":{"line":42,"column":1}},"line":8},"1":{"name":"(anonymous_1)","decl":{"start":{"line":12,"column":18},"end":{"line":12,"column":19}},"loc":{"start":{"line":12,"column":24},"end":{"line":14,"column":3}},"line":12},"2":{"name":"(anonymous_2)","decl":{"start":{"line":16,"column":23},"end":{"line":16,"column":24}},"loc":{"start":{"line":16,"column":29},"end":{"line":18,"column":3}},"line":16}},"branchMap":{"0":{"loc":{"start":{"line":26,"column":13},"end":{"line":26,"column":68}},"type":"cond-expr","locations":[{"start":{"line":26,"column":22},"end":{"line":26,"column":35}},{"start":{"line":26,"column":38},"end":{"line":26,"column":68}}],"line":26},"1":{"loc":{"start":{"line":27,"column":8},"end":{"line":28,"column":86}},"type":"cond-expr","locations":[{"start":{"line":27,"column":19},"end":{"line":27,"column":53}},{"start":{"line":28,"column":9},"end":{"line":28,"column":86}}],"line":27},"2":{"loc":{"start":{"line":32,"column":7},"end":{"line":34,"column":71}},"type":"cond-expr","locations":[{"start":{"line":32,"column":19},"end":{"line":34,"column":37}},{"start":{"line":34,"column":40},"end":{"line":34,"column":71}}],"line":32},"3":{"loc":{"start":{"line":37,"column":5},"end":{"line":38,"column":81}},"type":"cond-expr","locations":[{"start":{"line":37,"column":24},"end":{"line":38,"column":74}},{"start":{"line":38,"column":77},"end":{"line":38,"column":81}}],"line":37}},"s":{"0":1,"1":16,"2":16,"3":0,"4":16,"5":0,"6":16,"7":16},"f":{"0":16,"1":0,"2":0},"b":{"0":[0,16],"1":[8,8],"2":[0,16],"3":[0,16]},"_coverageSchema":"1a1c01bbd47fc00a2c39e90264f33305004495a9","hash":"5c597256363d9411330bd3ae7f47ea03e698c461"}
,"/Users/rodrigogramitto/Desktop/HR/projects/FEC/atelier/product-detail-page/client/src/components/relatedItems/productList.jsx": {"path":"/Users/rodrigogramitto/Desktop/HR/projects/FEC/atelier/product-detail-page/client/src/components/relatedItems/productList.jsx","statementMap":{"0":{"start":{"line":7,"column":14},"end":{"line":109,"column":5}},"1":{"start":{"line":9,"column":42},"end":{"line":9,"column":54}},"2":{"start":{"line":10,"column":36},"end":{"line":10,"column":48}},"3":{"start":{"line":11,"column":38},"end":{"line":11,"column":49}},"4":{"start":{"line":13,"column":21},"end":{"line":13,"column":33}},"5":{"start":{"line":15,"column":21},"end":{"line":18,"column":1}},"6":{"start":{"line":16,"column":2},"end":{"line":16,"column":34}},"7":{"start":{"line":17,"column":2},"end":{"line":17,"column":41}},"8":{"start":{"line":20,"column":21},"end":{"line":23,"column":1}},"9":{"start":{"line":21,"column":2},"end":{"line":21,"column":34}},"10":{"start":{"line":22,"column":2},"end":{"line":22,"column":41}},"11":{"start":{"line":25,"column":17},"end":{"line":25,"column":21}},"12":{"start":{"line":28,"column":0},"end":{"line":67,"column":19}},"13":{"start":{"line":29,"column":17},"end":{"line":29,"column":21}},"14":{"start":{"line":30,"column":14},"end":{"line":30,"column":16}},"15":{"start":{"line":31,"column":13},"end":{"line":31,"column":15}},"16":{"start":{"line":33,"column":1},"end":{"line":60,"column":2}},"17":{"start":{"line":34,"column":2},"end":{"line":59,"column":4}},"18":{"start":{"line":36,"column":21},"end":{"line":36,"column":26}},"19":{"start":{"line":37,"column":17},"end":{"line":37,"column":22}},"20":{"start":{"line":39,"column":4},"end":{"line":53,"column":5}},"21":{"start":{"line":39,"column":17},"end":{"line":39,"column":18}},"22":{"start":{"line":40,"column":27},"end":{"line":40,"column":45}},"23":{"start":{"line":43,"column":6},"end":{"line":47,"column":7}},"24":{"start":{"line":44,"column":8},"end":{"line":46,"column":9}},"25":{"start":{"line":45,"column":10},"end":{"line":45,"column":64}},"26":{"start":{"line":49,"column":6},"end":{"line":52,"column":7}},"27":{"start":{"line":50,"column":8},"end":{"line":50,"column":26}},"28":{"start":{"line":51,"column":8},"end":{"line":51,"column":59}},"29":{"start":{"line":55,"column":4},"end":{"line":58,"column":5}},"30":{"start":{"line":56,"column":6},"end":{"line":56,"column":61}},"31":{"start":{"line":61,"column":1},"end":{"line":61,"column":26}},"32":{"start":{"line":62,"column":1},"end":{"line":62,"column":22}},"33":{"start":{"line":64,"column":1},"end":{"line":66,"column":3}},"34":{"start":{"line":65,"column":2},"end":{"line":65,"column":20}},"35":{"start":{"line":70,"column":0},"end":{"line":107,"column":2}},"36":{"start":{"line":79,"column":8},"end":{"line":93,"column":9}},"37":{"start":{"line":80,"column":23},"end":{"line":80,"column":48}},"38":{"start":{"line":81,"column":26},"end":{"line":81,"column":48}},"39":{"start":{"line":82,"column":10},"end":{"line":92,"column":12}}},"fnMap":{"0":{"name":"(anonymous_0)","decl":{"start":{"line":7,"column":14},"end":{"line":7,"column":15}},"loc":{"start":{"line":7,"column":67},"end":{"line":109,"column":5}},"line":7},"1":{"name":"(anonymous_1)","decl":{"start":{"line":15,"column":21},"end":{"line":15,"column":22}},"loc":{"start":{"line":15,"column":27},"end":{"line":18,"column":1}},"line":15},"2":{"name":"(anonymous_2)","decl":{"start":{"line":20,"column":21},"end":{"line":20,"column":22}},"loc":{"start":{"line":20,"column":27},"end":{"line":23,"column":1}},"line":20},"3":{"name":"(anonymous_3)","decl":{"start":{"line":28,"column":10},"end":{"line":28,"column":11}},"loc":{"start":{"line":28,"column":16},"end":{"line":67,"column":1}},"line":28},"4":{"name":"(anonymous_4)","decl":{"start":{"line":34,"column":20},"end":{"line":34,"column":21}},"loc":{"start":{"line":34,"column":33},"end":{"line":59,"column":3}},"line":34},"5":{"name":"(anonymous_5)","decl":{"start":{"line":64,"column":8},"end":{"line":64,"column":9}},"loc":{"start":{"line":64,"column":14},"end":{"line":66,"column":2}},"line":64},"6":{"name":"(anonymous_6)","decl":{"start":{"line":78,"column":20},"end":{"line":78,"column":21}},"loc":{"start":{"line":78,"column":33},"end":{"line":94,"column":7}},"line":78}},"branchMap":{"0":{"loc":{"start":{"line":33,"column":1},"end":{"line":60,"column":2}},"type":"if","locations":[{"start":{"line":33,"column":1},"end":{"line":60,"column":2}},{"start":{},"end":{}}],"line":33},"1":{"loc":{"start":{"line":43,"column":6},"end":{"line":47,"column":7}},"type":"if","locations":[{"start":{"line":43,"column":6},"end":{"line":47,"column":7}},{"start":{},"end":{}}],"line":43},"2":{"loc":{"start":{"line":44,"column":8},"end":{"line":46,"column":9}},"type":"if","locations":[{"start":{"line":44,"column":8},"end":{"line":46,"column":9}},{"start":{},"end":{}}],"line":44},"3":{"loc":{"start":{"line":44,"column":12},"end":{"line":44,"column":95}},"type":"binary-expr","locations":[{"start":{"line":44,"column":12},"end":{"line":44,"column":65}},{"start":{"line":44,"column":69},"end":{"line":44,"column":95}}],"line":44},"4":{"loc":{"start":{"line":49,"column":6},"end":{"line":52,"column":7}},"type":"if","locations":[{"start":{"line":49,"column":6},"end":{"line":52,"column":7}},{"start":{},"end":{}}],"line":49},"5":{"loc":{"start":{"line":55,"column":4},"end":{"line":58,"column":5}},"type":"if","locations":[{"start":{"line":55,"column":4},"end":{"line":58,"column":5}},{"start":{},"end":{}}],"line":55},"6":{"loc":{"start":{"line":79,"column":8},"end":{"line":93,"column":9}},"type":"if","locations":[{"start":{"line":79,"column":8},"end":{"line":93,"column":9}},{"start":{},"end":{}}],"line":79},"7":{"loc":{"start":{"line":96,"column":5},"end":{"line":100,"column":12}},"type":"cond-expr","locations":[{"start":{"line":97,"column":6},"end":{"line":99,"column":15}},{"start":{"line":100,"column":8},"end":{"line":100,"column":12}}],"line":96},"8":{"loc":{"start":{"line":101,"column":5},"end":{"line":105,"column":12}},"type":"cond-expr","locations":[{"start":{"line":102,"column":6},"end":{"line":104,"column":15}},{"start":{"line":105,"column":8},"end":{"line":105,"column":12}}],"line":101}},"s":{"0":1,"1":2,"2":2,"3":2,"4":2,"5":2,"6":0,"7":0,"8":2,"9":0,"10":0,"11":2,"12":2,"13":1,"14":1,"15":1,"16":1,"17":1,"18":0,"19":0,"20":0,"21":0,"22":0,"23":0,"24":0,"25":0,"26":0,"27":0,"28":0,"29":0,"30":0,"31":1,"32":1,"33":1,"34":1,"35":2,"36":8,"37":8,"38":8,"39":8},"f":{"0":2,"1":0,"2":0,"3":1,"4":0,"5":1,"6":8},"b":{"0":[1,0],"1":[0,0],"2":[0,0],"3":[0,0],"4":[0,0],"5":[0,0],"6":[8,0],"7":[0,2],"8":[2,0]},"_coverageSchema":"1a1c01bbd47fc00a2c39e90264f33305004495a9","hash":"11d4ff431603eca3b040e6eaa2363cbaee2b8271"}
,"/Users/rodrigogramitto/Desktop/HR/projects/FEC/atelier/product-detail-page/client/src/components/relatedItems/relatedButton.jsx": {"path":"/Users/rodrigogramitto/Desktop/HR/projects/FEC/atelier/product-detail-page/client/src/components/relatedItems/relatedButton.jsx","statementMap":{"0":{"start":{"line":3,"column":22},"end":{"line":15,"column":1}},"1":{"start":{"line":5,"column":22},"end":{"line":7,"column":3}},"2":{"start":{"line":6,"column":4},"end":{"line":6,"column":14}},"3":{"start":{"line":9,"column":2},"end":{"line":13,"column":3}}},"fnMap":{"0":{"name":"(anonymous_0)","decl":{"start":{"line":3,"column":22},"end":{"line":3,"column":23}},"loc":{"start":{"line":3,"column":37},"end":{"line":15,"column":1}},"line":3},"1":{"name":"(anonymous_1)","decl":{"start":{"line":5,"column":22},"end":{"line":5,"column":23}},"loc":{"start":{"line":5,"column":29},"end":{"line":7,"column":3}},"line":5}},"branchMap":{},"s":{"0":2,"1":9,"2":1,"3":9},"f":{"0":9,"1":1},"b":{},"_coverageSchema":"1a1c01bbd47fc00a2c39e90264f33305004495a9","hash":"1d4138db2604e1b86f6d28162207edf4684555a1"}
,"/Users/rodrigogramitto/Desktop/HR/projects/FEC/atelier/product-detail-page/client/src/components/relatedItems/relatedItems.jsx": {"path":"/Users/rodrigogramitto/Desktop/HR/projects/FEC/atelier/product-detail-page/client/src/components/relatedItems/relatedItems.jsx","statementMap":{"0":{"start":{"line":9,"column":21},"end":{"line":67,"column":1}},"1":{"start":{"line":10,"column":38},"end":{"line":10,"column":50}},"2":{"start":{"line":11,"column":34},"end":{"line":11,"column":53}},"3":{"start":{"line":12,"column":42},"end":{"line":12,"column":61}},"4":{"start":{"line":13,"column":40},"end":{"line":13,"column":52}},"5":{"start":{"line":14,"column":44},"end":{"line":14,"column":56}},"6":{"start":{"line":16,"column":2},"end":{"line":52,"column":9}},"7":{"start":{"line":17,"column":4},"end":{"line":42,"column":9}},"8":{"start":{"line":19,"column":8},"end":{"line":19,"column":34}},"9":{"start":{"line":20,"column":8},"end":{"line":31,"column":10}},"10":{"start":{"line":22,"column":12},"end":{"line":29,"column":15}},"11":{"start":{"line":27,"column":14},"end":{"line":27,"column":56}},"12":{"start":{"line":28,"column":14},"end":{"line":28,"column":26}},"13":{"start":{"line":34,"column":31},"end":{"line":34,"column":54}},"14":{"start":{"line":34,"column":49},"end":{"line":34,"column":53}},"15":{"start":{"line":35,"column":30},"end":{"line":35,"column":53}},"16":{"start":{"line":35,"column":48},"end":{"line":35,"column":52}},"17":{"start":{"line":36,"column":8},"end":{"line":36,"column":36}},"18":{"start":{"line":37,"column":8},"end":{"line":37,"column":40}},"19":{"start":{"line":38,"column":8},"end":{"line":38,"column":45}},"20":{"start":{"line":41,"column":8},"end":{"line":41,"column":25}},"21":{"start":{"line":44,"column":4},"end":{"line":50,"column":9}},"22":{"start":{"line":46,"column":8},"end":{"line":46,"column":28}},"23":{"start":{"line":49,"column":8},"end":{"line":49,"column":54}},"24":{"start":{"line":54,"column":29},"end":{"line":58,"column":3}},"25":{"start":{"line":55,"column":4},"end":{"line":57,"column":7}},"26":{"start":{"line":56,"column":7},"end":{"line":56,"column":50}},"27":{"start":{"line":61,"column":2},"end":{"line":66,"column":4}}},"fnMap":{"0":{"name":"(anonymous_0)","decl":{"start":{"line":9,"column":21},"end":{"line":9,"column":22}},"loc":{"start":{"line":9,"column":27},"end":{"line":67,"column":1}},"line":9},"1":{"name":"(anonymous_1)","decl":{"start":{"line":16,"column":12},"end":{"line":16,"column":13}},"loc":{"start":{"line":16,"column":18},"end":{"line":52,"column":3}},"line":16},"2":{"name":"(anonymous_2)","decl":{"start":{"line":18,"column":12},"end":{"line":18,"column":13}},"loc":{"start":{"line":18,"column":28},"end":{"line":32,"column":7}},"line":18},"3":{"name":"(anonymous_3)","decl":{"start":{"line":21,"column":25},"end":{"line":21,"column":26}},"loc":{"start":{"line":21,"column":33},"end":{"line":30,"column":11}},"line":21},"4":{"name":"(anonymous_4)","decl":{"start":{"line":26,"column":19},"end":{"line":26,"column":20}},"loc":{"start":{"line":26,"column":28},"end":{"line":29,"column":13}},"line":26},"5":{"name":"(anonymous_5)","decl":{"start":{"line":33,"column":12},"end":{"line":33,"column":13}},"loc":{"start":{"line":33,"column":26},"end":{"line":39,"column":7}},"line":33},"6":{"name":"(anonymous_6)","decl":{"start":{"line":34,"column":44},"end":{"line":34,"column":45}},"loc":{"start":{"line":34,"column":49},"end":{"line":34,"column":53}},"line":34},"7":{"name":"(anonymous_7)","decl":{"start":{"line":35,"column":43},"end":{"line":35,"column":44}},"loc":{"start":{"line":35,"column":48},"end":{"line":35,"column":52}},"line":35},"8":{"name":"(anonymous_8)","decl":{"start":{"line":40,"column":13},"end":{"line":40,"column":14}},"loc":{"start":{"line":40,"column":22},"end":{"line":42,"column":7}},"line":40},"9":{"name":"(anonymous_9)","decl":{"start":{"line":45,"column":12},"end":{"line":45,"column":13}},"loc":{"start":{"line":45,"column":21},"end":{"line":47,"column":7}},"line":45},"10":{"name":"(anonymous_10)","decl":{"start":{"line":48,"column":13},"end":{"line":48,"column":14}},"loc":{"start":{"line":48,"column":22},"end":{"line":50,"column":7}},"line":48},"11":{"name":"(anonymous_11)","decl":{"start":{"line":54,"column":29},"end":{"line":54,"column":30}},"loc":{"start":{"line":54,"column":44},"end":{"line":58,"column":3}},"line":54},"12":{"name":"(anonymous_12)","decl":{"start":{"line":55,"column":40},"end":{"line":55,"column":41}},"loc":{"start":{"line":55,"column":60},"end":{"line":57,"column":5}},"line":55}},"branchMap":{},"s":{"0":1,"1":2,"2":1,"3":1,"4":1,"5":1,"6":1,"7":1,"8":0,"9":0,"10":0,"11":0,"12":0,"13":0,"14":0,"15":0,"16":0,"17":0,"18":0,"19":0,"20":0,"21":1,"22":0,"23":0,"24":1,"25":0,"26":0,"27":1},"f":{"0":2,"1":1,"2":0,"3":0,"4":0,"5":0,"6":0,"7":0,"8":0,"9":0,"10":0,"11":0,"12":0},"b":{},"_coverageSchema":"1a1c01bbd47fc00a2c39e90264f33305004495a9","hash":"852e1183e5a466ef63d7542b24da24a14f24d7e6"}
}
