TN:
SF:client/src/components/ratingsAndReviews/StarBar.jsx
FN:5,(anonymous_0)
FNF:1
FNH:1
FNDA:16,(anonymous_0)
DA:5,1
DA:6,16
DA:7,16
DA:8,16
DA:9,0
DA:10,0
DA:13,16
DA:14,16
DA:16,16
DA:24,16
DA:26,16
LF:11
LH:9
BRDA:8,0,0,0
BRDA:8,0,1,16
BRDA:16,1,0,0
BRDA:16,1,1,16
BRF:4
BRH:2
end_of_record
TN:
SF:client/src/components/relatedItems/comparison.jsx
FN:6,(anonymous_0)
FN:9,(anonymous_1)
FN:13,(anonymous_2)
FN:37,(anonymous_3)
FNF:4
FNH:0
FNDA:0,(anonymous_0)
FNDA:0,(anonymous_1)
FNDA:0,(anonymous_2)
FNDA:0,(anonymous_3)
DA:6,2
DA:9,0
DA:10,0
DA:13,0
DA:14,0
DA:16,0
DA:18,0
DA:19,0
DA:20,0
DA:22,0
DA:23,0
DA:24,0
DA:26,0
DA:29,0
DA:30,0
DA:31,0
DA:33,0
DA:37,0
DA:38,0
DA:43,0
LF:20
LH:1
BRDA:22,0,0,0
BRDA:22,0,1,0
BRDA:22,1,0,0
BRDA:22,1,1,0
BRDA:23,2,0,0
BRDA:23,2,1,0
BRDA:29,3,0,0
BRDA:29,3,1,0
BRDA:29,4,0,0
BRDA:29,4,1,0
BRDA:30,5,0,0
BRDA:30,5,1,0
BRF:12
BRH:0
end_of_record
TN:
SF:client/src/components/relatedItems/controller.js
FN:6,(anonymous_0)
FN:8,(anonymous_1)
FN:11,(anonymous_2)
FN:16,(anonymous_3)
FN:18,(anonymous_4)
FN:21,(anonymous_5)
FN:26,(anonymous_6)
FN:28,(anonymous_7)
FN:31,(anonymous_8)
FNF:9
FNH:6
FNDA:3,(anonymous_0)
FNDA:2,(anonymous_1)
FNDA:0,(anonymous_2)
FNDA:2,(anonymous_3)
FNDA:2,(anonymous_4)
FNDA:0,(anonymous_5)
FNDA:2,(anonymous_6)
FNDA:1,(anonymous_7)
FNDA:0,(anonymous_8)
DA:1,2
DA:5,2
DA:7,3
DA:9,2
DA:12,0
DA:17,2
DA:19,2
DA:22,0
DA:27,2
DA:29,1
DA:32,0
LF:11
LH:8
BRDA:6,0,0,2
BRF:1
BRH:1
end_of_record
TN:
SF:client/src/components/relatedItems/deleteButton.jsx
FN:3,(anonymous_0)
FN:5,(anonymous_1)
FNF:2
FNH:2
FNDA:9,(anonymous_0)
FNDA:1,(anonymous_1)
DA:3,2
DA:5,9
DA:6,1
DA:11,9
LF:4
LH:4
BRF:0
BRH:0
end_of_record
TN:
SF:client/src/components/relatedItems/dummyData.js
FNF:0
FNH:0
DA:1,2
LF:1
LH:1
BRF:0
BRH:0
end_of_record
TN:
SF:client/src/components/relatedItems/outfitList.jsx
FN:7,(anonymous_0)
FN:15,(anonymous_1)
FN:20,(anonymous_2)
FN:25,(anonymous_3)
FN:31,(anonymous_4)
FN:61,(anonymous_5)
FN:76,(anonymous_6)
FNF:7
FNH:4
FNDA:2,(anonymous_0)
FNDA:0,(anonymous_1)
FNDA:0,(anonymous_2)
FNDA:1,(anonymous_3)
FNDA:0,(anonymous_4)
FNDA:1,(anonymous_5)
FNDA:8,(anonymous_6)
DA:7,1
DA:9,2
DA:10,2
DA:11,2
DA:13,2
DA:15,2
DA:16,0
DA:17,0
DA:20,2
DA:21,0
DA:22,0
DA:25,2
DA:26,1
DA:27,1
DA:28,1
DA:30,1
DA:31,1
DA:33,0
DA:34,0
DA:36,0
DA:37,0
DA:40,0
DA:41,0
DA:42,0
DA:46,0
DA:47,0
DA:48,0
DA:52,0
DA:53,0
DA:58,1
DA:59,1
DA:61,1
DA:62,1
DA:66,2
DA:68,2
DA:77,8
DA:78,8
DA:79,8
DA:80,8
LF:39
LH:23
BRDA:30,0,0,1
BRDA:30,0,1,0
BRDA:40,1,0,0
BRDA:40,1,1,0
BRDA:41,2,0,0
BRDA:41,2,1,0
BRDA:41,3,0,0
BRDA:41,3,1,0
BRDA:46,4,0,0
BRDA:46,4,1,0
BRDA:52,5,0,0
BRDA:52,5,1,0
BRDA:76,6,0,2
BRDA:76,6,1,0
BRDA:77,7,0,8
BRDA:77,7,1,0
BRDA:93,8,0,0
BRDA:93,8,1,2
BRDA:98,9,0,2
BRDA:98,9,1,0
BRF:20
BRH:5
end_of_record
TN:
SF:client/src/components/relatedItems/productCard.jsx
FN:8,(anonymous_0)
FN:12,(anonymous_1)
FN:16,(anonymous_2)
FNF:3
FNH:1
FNDA:16,(anonymous_0)
FNDA:0,(anonymous_1)
FNDA:0,(anonymous_2)
DA:8,1
DA:10,16
DA:12,16
DA:13,0
DA:16,16
DA:17,0
DA:20,16
DA:22,16
LF:8
LH:6
BRDA:26,0,0,0
BRDA:26,0,1,16
BRDA:27,1,0,8
BRDA:27,1,1,8
BRDA:32,2,0,0
BRDA:32,2,1,16
BRDA:37,3,0,0
BRDA:37,3,1,16
BRF:8
BRH:5
end_of_record
TN:
SF:client/src/components/relatedItems/productList.jsx
FN:7,(anonymous_0)
FN:15,(anonymous_1)
FN:20,(anonymous_2)
FN:28,(anonymous_3)
FN:34,(anonymous_4)
FN:64,(anonymous_5)
FN:78,(anonymous_6)
FNF:7
FNH:4
FNDA:2,(anonymous_0)
FNDA:0,(anonymous_1)
FNDA:0,(anonymous_2)
FNDA:1,(anonymous_3)
FNDA:0,(anonymous_4)
FNDA:1,(anonymous_5)
FNDA:8,(anonymous_6)
DA:7,1
DA:9,2
DA:10,2
DA:11,2
DA:13,2
DA:15,2
DA:16,0
DA:17,0
DA:20,2
DA:21,0
DA:22,0
DA:25,2
DA:28,2
DA:29,1
DA:30,1
DA:31,1
DA:33,1
DA:34,1
DA:36,0
DA:37,0
DA:39,0
DA:40,0
DA:43,0
DA:44,0
DA:45,0
DA:49,0
DA:50,0
DA:51,0
DA:55,0
DA:56,0
DA:61,1
DA:62,1
DA:64,1
DA:65,1
DA:70,2
DA:79,8
DA:80,8
DA:81,8
DA:82,8
LF:39
LH:23
BRDA:33,0,0,1
BRDA:33,0,1,0
BRDA:43,1,0,0
BRDA:43,1,1,0
BRDA:44,2,0,0
BRDA:44,2,1,0
BRDA:44,3,0,0
BRDA:44,3,1,0
BRDA:49,4,0,0
BRDA:49,4,1,0
BRDA:55,5,0,0
BRDA:55,5,1,0
BRDA:79,6,0,8
BRDA:79,6,1,0
BRDA:96,7,0,0
BRDA:96,7,1,2
BRDA:101,8,0,2
BRDA:101,8,1,0
BRF:18
BRH:4
end_of_record
TN:
SF:client/src/components/relatedItems/relatedButton.jsx
FN:3,(anonymous_0)
FN:5,(anonymous_1)
FNF:2
FNH:2
FNDA:9,(anonymous_0)
FNDA:1,(anonymous_1)
DA:3,2
DA:5,9
DA:6,1
DA:9,9
LF:4
LH:4
BRF:0
BRH:0
end_of_record
TN:
SF:client/src/components/relatedItems/relatedItems.jsx
FN:9,(anonymous_0)
FN:16,(anonymous_1)
FN:18,(anonymous_2)
FN:21,(anonymous_3)
FN:26,(anonymous_4)
FN:33,(anonymous_5)
FN:34,(anonymous_6)
FN:35,(anonymous_7)
FN:40,(anonymous_8)
FN:45,(anonymous_9)
FN:48,(anonymous_10)
FN:54,(anonymous_11)
FN:55,(anonymous_12)
FNF:13
FNH:2
FNDA:2,(anonymous_0)
FNDA:1,(anonymous_1)
FNDA:0,(anonymous_2)
FNDA:0,(anonymous_3)
FNDA:0,(anonymous_4)
FNDA:0,(anonymous_5)
FNDA:0,(anonymous_6)
FNDA:0,(anonymous_7)
FNDA:0,(anonymous_8)
FNDA:0,(anonymous_9)
FNDA:0,(anonymous_10)
FNDA:0,(anonymous_11)
FNDA:0,(anonymous_12)
DA:9,1
DA:10,2
DA:11,1
DA:12,1
DA:13,1
DA:14,1
DA:16,1
DA:17,1
DA:19,0
DA:20,0
DA:22,0
DA:27,0
DA:28,0
DA:34,0
DA:35,0
DA:36,0
DA:37,0
DA:38,0
DA:41,0
DA:44,1
DA:46,0
DA:49,0
DA:54,1
DA:55,0
DA:56,0
DA:61,1
LF:26
LH:11
BRF:0
BRH:0
end_of_record
